[debug] [2026-05-20T12:38:13.051Z] ----------------------------------------------------------------------
[debug] [2026-05-20T12:38:13.059Z] Command:       /Users/bakangmonei/.nvm/versions/node/v20.20.0/bin/node /Users/bakangmonei/.nvm/versions/node/v20.20.0/bin/firebase deploy --only functions
[debug] [2026-05-20T12:38:13.059Z] CLI Version:   15.18.0
[debug] [2026-05-20T12:38:13.059Z] Platform:      darwin
[debug] [2026-05-20T12:38:13.059Z] Node Version:  v20.20.0
[debug] [2026-05-20T12:38:13.059Z] Time:          Wed May 20 2026 14:38:13 GMT+0200 (Central Africa Time)
[debug] [2026-05-20T12:38:13.059Z] ----------------------------------------------------------------------
[debug] 
[debug] [2026-05-20T12:38:14.078Z] > command requires scopes: ["email","openid","https://www.googleapis.com/auth/cloudplatformprojects.readonly","https://www.googleapis.com/auth/firebase","https://www.googleapis.com/auth/cloud-platform"]
[debug] [2026-05-20T12:38:14.079Z] > authorizing via signed-in user (bakangmonei2@gmail.com)
[debug] [2026-05-20T12:38:14.079Z] [iam] checking project fantasy-flowers-7166f for permissions ["cloudfunctions.functions.create","cloudfunctions.functions.delete","cloudfunctions.functions.get","cloudfunctions.functions.list","cloudfunctions.functions.update","cloudfunctions.operations.get","firebase.projects.get"]
[debug] [2026-05-20T12:38:14.080Z] Checked if tokens are valid: true, expires at: 1779284163856
[debug] [2026-05-20T12:38:14.080Z] Checked if tokens are valid: true, expires at: 1779284163856
[debug] [2026-05-20T12:38:14.081Z] >>> [apiv2][query] POST https://cloudresourcemanager.googleapis.com/v1/projects/fantasy-flowers-7166f:testIamPermissions [none]
[debug] [2026-05-20T12:38:14.081Z] >>> [apiv2][(partial)header] POST https://cloudresourcemanager.googleapis.com/v1/projects/fantasy-flowers-7166f:testIamPermissions  x-goog-user-project=fantasy-flowers-7166f
[debug] [2026-05-20T12:38:14.081Z] >>> [apiv2][body] POST https://cloudresourcemanager.googleapis.com/v1/projects/fantasy-flowers-7166f:testIamPermissions {"permissions":["cloudfunctions.functions.create","cloudfunctions.functions.delete","cloudfunctions.functions.get","cloudfunctions.functions.list","cloudfunctions.functions.update","cloudfunctions.operations.get","firebase.projects.get"]}
[debug] [2026-05-20T12:38:15.550Z] <<< [apiv2][status] POST https://cloudresourcemanager.googleapis.com/v1/projects/fantasy-flowers-7166f:testIamPermissions 200
[debug] [2026-05-20T12:38:15.551Z] <<< [apiv2][body] POST https://cloudresourcemanager.googleapis.com/v1/projects/fantasy-flowers-7166f:testIamPermissions {"permissions":["cloudfunctions.functions.create","cloudfunctions.functions.delete","cloudfunctions.functions.get","cloudfunctions.functions.list","cloudfunctions.functions.update","cloudfunctions.operations.get","firebase.projects.get"]}
[debug] [2026-05-20T12:38:15.552Z] Checked if tokens are valid: true, expires at: 1779284163856
[debug] [2026-05-20T12:38:15.552Z] Checked if tokens are valid: true, expires at: 1779284163856
[debug] [2026-05-20T12:38:15.552Z] >>> [apiv2][query] POST https://iam.googleapis.com/v1/projects/fantasy-flowers-7166f/serviceAccounts/fantasy-flowers-7166f@appspot.gserviceaccount.com:testIamPermissions [none]
[debug] [2026-05-20T12:38:15.552Z] >>> [apiv2][body] POST https://iam.googleapis.com/v1/projects/fantasy-flowers-7166f/serviceAccounts/fantasy-flowers-7166f@appspot.gserviceaccount.com:testIamPermissions {"permissions":["iam.serviceAccounts.actAs"]}
[debug] [2026-05-20T12:38:16.712Z] <<< [apiv2][status] POST https://iam.googleapis.com/v1/projects/fantasy-flowers-7166f/serviceAccounts/fantasy-flowers-7166f@appspot.gserviceaccount.com:testIamPermissions 404
[debug] [2026-05-20T12:38:16.712Z] <<< [apiv2][body] POST https://iam.googleapis.com/v1/projects/fantasy-flowers-7166f/serviceAccounts/fantasy-flowers-7166f@appspot.gserviceaccount.com:testIamPermissions {"error":{"code":404,"message":"Unknown service account","status":"NOT_FOUND"}}
[debug] [2026-05-20T12:38:16.713Z] [functions] service account IAM check errored, deploy may fail: Request to https://iam.googleapis.com/v1/projects/fantasy-flowers-7166f/serviceAccounts/fantasy-flowers-7166f@appspot.gserviceaccount.com:testIamPermissions had HTTP Error: 404, Unknown service account {"name":"FirebaseError","children":[],"context":{"body":{"error":{"code":404,"message":"Unknown service account","status":"NOT_FOUND"}},"response":{"statusCode":404}},"exit":1,"message":"Request to https://iam.googleapis.com/v1/projects/fantasy-flowers-7166f/serviceAccounts/fantasy-flowers-7166f@appspot.gserviceaccount.com:testIamPermissions had HTTP Error: 404, Unknown service account","status":404}
[info] 
[info] === Deploying to 'fantasy-flowers-7166f'...
[info] 
[info] i  deploying functions 
[debug] [2026-05-20T12:38:16.716Z] Checked if tokens are valid: true, expires at: 1779284163856
[debug] [2026-05-20T12:38:16.716Z] Checked if tokens are valid: true, expires at: 1779284163856
[debug] [2026-05-20T12:38:16.716Z] >>> [apiv2][query] GET https://serviceusage.googleapis.com/v1/projects/fantasy-flowers-7166f/services/cloudresourcemanager.googleapis.com [none]
[debug] [2026-05-20T12:38:16.716Z] >>> [apiv2][(partial)header] GET https://serviceusage.googleapis.com/v1/projects/fantasy-flowers-7166f/services/cloudresourcemanager.googleapis.com  x-goog-user-project=fantasy-flowers-7166f
[debug] [2026-05-20T12:38:18.260Z] <<< [apiv2][status] GET https://serviceusage.googleapis.com/v1/projects/fantasy-flowers-7166f/services/cloudresourcemanager.googleapis.com 200
[debug] [2026-05-20T12:38:18.260Z] <<< [apiv2][body] GET https://serviceusage.googleapis.com/v1/projects/fantasy-flowers-7166f/services/cloudresourcemanager.googleapis.com [omitted]
[debug] [2026-05-20T12:38:18.269Z] Checked if tokens are valid: true, expires at: 1779284163856
[debug] [2026-05-20T12:38:18.269Z] Checked if tokens are valid: true, expires at: 1779284163856
[debug] [2026-05-20T12:38:18.269Z] >>> [apiv2][query] GET https://cloudresourcemanager.googleapis.com/v1/projects/fantasy-flowers-7166f [none]
[debug] [2026-05-20T12:38:18.607Z] <<< [apiv2][status] GET https://cloudresourcemanager.googleapis.com/v1/projects/fantasy-flowers-7166f 200
[debug] [2026-05-20T12:38:18.607Z] <<< [apiv2][body] GET https://cloudresourcemanager.googleapis.com/v1/projects/fantasy-flowers-7166f {"projectNumber":"406360162","projectId":"fantasy-flowers-7166f","lifecycleState":"ACTIVE","name":"fantasy-flowers","labels":{"firebase":"enabled","firebase-core":"disabled"},"createTime":"2025-11-16T14:57:29.083895Z"}
[info] i  functions: preparing codebase default for deployment 
[info] i  functions: ensuring required API cloudfunctions.googleapis.com is enabled... 
[debug] [2026-05-20T12:38:18.609Z] Checked if tokens are valid: true, expires at: 1779284163856
[debug] [2026-05-20T12:38:18.609Z] Checked if tokens are valid: true, expires at: 1779284163856
[debug] [2026-05-20T12:38:18.609Z] Checked if tokens are valid: true, expires at: 1779284163856
[debug] [2026-05-20T12:38:18.609Z] Checked if tokens are valid: true, expires at: 1779284163856
[info] i  functions: ensuring required API cloudbuild.googleapis.com is enabled... 
[debug] [2026-05-20T12:38:18.609Z] Checked if tokens are valid: true, expires at: 1779284163856
[debug] [2026-05-20T12:38:18.609Z] Checked if tokens are valid: true, expires at: 1779284163856
[info] i  artifactregistry: ensuring required API artifactregistry.googleapis.com is enabled... 
[debug] [2026-05-20T12:38:18.609Z] Checked if tokens are valid: true, expires at: 1779284163856
[debug] [2026-05-20T12:38:18.609Z] Checked if tokens are valid: true, expires at: 1779284163856
[debug] [2026-05-20T12:38:18.610Z] >>> [apiv2][query] GET https://serviceusage.googleapis.com/v1/projects/fantasy-flowers-7166f/services/cloudfunctions.googleapis.com [none]
[debug] [2026-05-20T12:38:18.610Z] >>> [apiv2][(partial)header] GET https://serviceusage.googleapis.com/v1/projects/fantasy-flowers-7166f/services/cloudfunctions.googleapis.com  x-goog-user-project=fantasy-flowers-7166f
[debug] [2026-05-20T12:38:18.610Z] >>> [apiv2][query] GET https://serviceusage.googleapis.com/v1/projects/fantasy-flowers-7166f/services/runtimeconfig.googleapis.com [none]
[debug] [2026-05-20T12:38:18.610Z] >>> [apiv2][(partial)header] GET https://serviceusage.googleapis.com/v1/projects/fantasy-flowers-7166f/services/runtimeconfig.googleapis.com  x-goog-user-project=fantasy-flowers-7166f
[debug] [2026-05-20T12:38:18.611Z] >>> [apiv2][query] GET https://serviceusage.googleapis.com/v1/projects/fantasy-flowers-7166f/services/cloudbuild.googleapis.com [none]
[debug] [2026-05-20T12:38:18.611Z] >>> [apiv2][(partial)header] GET https://serviceusage.googleapis.com/v1/projects/fantasy-flowers-7166f/services/cloudbuild.googleapis.com  x-goog-user-project=fantasy-flowers-7166f
[debug] [2026-05-20T12:38:18.612Z] >>> [apiv2][query] GET https://serviceusage.googleapis.com/v1/projects/fantasy-flowers-7166f/services/artifactregistry.googleapis.com [none]
[debug] [2026-05-20T12:38:18.612Z] >>> [apiv2][(partial)header] GET https://serviceusage.googleapis.com/v1/projects/fantasy-flowers-7166f/services/artifactregistry.googleapis.com  x-goog-user-project=fantasy-flowers-7166f
[debug] [2026-05-20T12:38:19.553Z] <<< [apiv2][status] GET https://serviceusage.googleapis.com/v1/projects/fantasy-flowers-7166f/services/cloudfunctions.googleapis.com 200
[debug] [2026-05-20T12:38:19.553Z] <<< [apiv2][body] GET https://serviceusage.googleapis.com/v1/projects/fantasy-flowers-7166f/services/cloudfunctions.googleapis.com [omitted]
[info] ✔  functions: required API cloudfunctions.googleapis.com is enabled 
[debug] [2026-05-20T12:38:19.862Z] <<< [apiv2][status] GET https://serviceusage.googleapis.com/v1/projects/fantasy-flowers-7166f/services/runtimeconfig.googleapis.com 200
[debug] [2026-05-20T12:38:19.862Z] <<< [apiv2][body] GET https://serviceusage.googleapis.com/v1/projects/fantasy-flowers-7166f/services/runtimeconfig.googleapis.com [omitted]
[debug] [2026-05-20T12:38:19.891Z] <<< [apiv2][status] GET https://serviceusage.googleapis.com/v1/projects/fantasy-flowers-7166f/services/cloudbuild.googleapis.com 200
[debug] [2026-05-20T12:38:19.892Z] <<< [apiv2][body] GET https://serviceusage.googleapis.com/v1/projects/fantasy-flowers-7166f/services/cloudbuild.googleapis.com [omitted]
[info] ✔  functions: required API cloudbuild.googleapis.com is enabled 
[debug] [2026-05-20T12:38:19.908Z] <<< [apiv2][status] GET https://serviceusage.googleapis.com/v1/projects/fantasy-flowers-7166f/services/artifactregistry.googleapis.com 200
[debug] [2026-05-20T12:38:19.908Z] <<< [apiv2][body] GET https://serviceusage.googleapis.com/v1/projects/fantasy-flowers-7166f/services/artifactregistry.googleapis.com [omitted]
[info] ✔  artifactregistry: required API artifactregistry.googleapis.com is enabled 
[debug] [2026-05-20T12:38:19.919Z] Checked if tokens are valid: true, expires at: 1779284163856
[debug] [2026-05-20T12:38:19.919Z] Checked if tokens are valid: true, expires at: 1779284163856
[debug] [2026-05-20T12:38:19.919Z] >>> [apiv2][query] GET https://firebase.googleapis.com/v1beta1/projects/fantasy-flowers-7166f/adminSdkConfig [none]
[debug] [2026-05-20T12:38:20.826Z] <<< [apiv2][status] GET https://firebase.googleapis.com/v1beta1/projects/fantasy-flowers-7166f/adminSdkConfig 200
[debug] [2026-05-20T12:38:20.827Z] <<< [apiv2][body] GET https://firebase.googleapis.com/v1beta1/projects/fantasy-flowers-7166f/adminSdkConfig {"projectId":"fantasy-flowers-7166f","databaseURL":"https://fantasy-flowers-7166f-default-rtdb.firebaseio.com","storageBucket":"fantasy-flowers-7166f.firebasestorage.app"}
[debug] [2026-05-20T12:38:20.828Z] Checked if tokens are valid: true, expires at: 1779284163856
[debug] [2026-05-20T12:38:20.828Z] Checked if tokens are valid: true, expires at: 1779284163856
[debug] [2026-05-20T12:38:20.828Z] >>> [apiv2][query] GET https://runtimeconfig.googleapis.com/v1beta1/projects/fantasy-flowers-7166f/configs [none]
[debug] [2026-05-20T12:38:22.345Z] <<< [apiv2][status] GET https://runtimeconfig.googleapis.com/v1beta1/projects/fantasy-flowers-7166f/configs 200
[debug] [2026-05-20T12:38:22.345Z] <<< [apiv2][body] GET https://runtimeconfig.googleapis.com/v1beta1/projects/fantasy-flowers-7166f/configs {}
[debug] [2026-05-20T12:38:22.347Z] Validating nodejs source
[warn] ⚠  functions: Runtime Node.js 20 was deprecated on 2026-04-30 and will be decommissioned on 2026-10-30, after which you will not be able to deploy without upgrading. Consider upgrading now to avoid disruption. See https://cloud.google.com/functions/docs/runtime-support for full details on the lifecycle policy 
[warn] ⚠  functions: Couldn't find firebase-functions package in your source code. Have you run 'npm install'? 
[debug] [2026-05-20T12:38:22.347Z] getFunctionsSDKVersion encountered error: Cannot find module 'firebase-functions'
Require stack:
- /Users/bakangmonei/.nvm/versions/node/v20.20.0/lib/node_modules/firebase-tools/lib/deploy/functions/runtimes/node/versioning.js
- /Users/bakangmonei/.nvm/versions/node/v20.20.0/lib/node_modules/firebase-tools/lib/deploy/functions/runtimes/node/index.js
- /Users/bakangmonei/.nvm/versions/node/v20.20.0/lib/node_modules/firebase-tools/lib/deploy/functions/runtimes/index.js
- /Users/bakangmonei/.nvm/versions/node/v20.20.0/lib/node_modules/firebase-tools/lib/deploy/functions/prepare.js
- /Users/bakangmonei/.nvm/versions/node/v20.20.0/lib/node_modules/firebase-tools/lib/emulator/functionsEmulatorShared.js
- /Users/bakangmonei/.nvm/versions/node/v20.20.0/lib/node_modules/firebase-tools/lib/frameworks/index.js
- /Users/bakangmonei/.nvm/versions/node/v20.20.0/lib/node_modules/firebase-tools/lib/deploy/hosting/prepare.js
- /Users/bakangmonei/.nvm/versions/node/v20.20.0/lib/node_modules/firebase-tools/lib/deploy/hosting/index.js
- /Users/bakangmonei/.nvm/versions/node/v20.20.0/lib/node_modules/firebase-tools/lib/deploy/index.js
- /Users/bakangmonei/.nvm/versions/node/v20.20.0/lib/node_modules/firebase-tools/lib/commands/deploy.js
- /Users/bakangmonei/.nvm/versions/node/v20.20.0/lib/node_modules/firebase-tools/lib/commands/index.js
- /Users/bakangmonei/.nvm/versions/node/v20.20.0/lib/node_modules/firebase-tools/lib/index.js
- /Users/bakangmonei/.nvm/versions/node/v20.20.0/lib/node_modules/firebase-tools/lib/bin/cli.js
- /Users/bakangmonei/.nvm/versions/node/v20.20.0/lib/node_modules/firebase-tools/lib/bin/firebase.js {"code":"MODULE_NOT_FOUND","requireStack":["/Users/bakangmonei/.nvm/versions/node/v20.20.0/lib/node_modules/firebase-tools/lib/deploy/functions/runtimes/node/versioning.js","/Users/bakangmonei/.nvm/versions/node/v20.20.0/lib/node_modules/firebase-tools/lib/deploy/functions/runtimes/node/index.js","/Users/bakangmonei/.nvm/versions/node/v20.20.0/lib/node_modules/firebase-tools/lib/deploy/functions/runtimes/index.js","/Users/bakangmonei/.nvm/versions/node/v20.20.0/lib/node_modules/firebase-tools/lib/deploy/functions/prepare.js","/Users/bakangmonei/.nvm/versions/node/v20.20.0/lib/node_modules/firebase-tools/lib/emulator/functionsEmulatorShared.js","/Users/bakangmonei/.nvm/versions/node/v20.20.0/lib/node_modules/firebase-tools/lib/frameworks/index.js","/Users/bakangmonei/.nvm/versions/node/v20.20.0/lib/node_modules/firebase-tools/lib/deploy/hosting/prepare.js","/Users/bakangmonei/.nvm/versions/node/v20.20.0/lib/node_modules/firebase-tools/lib/deploy/hosting/index.js","/Users/bakangmonei/.nvm/versions/node/v20.20.0/lib/node_modules/firebase-tools/lib/deploy/index.js","/Users/bakangmonei/.nvm/versions/node/v20.20.0/lib/node_modules/firebase-tools/lib/commands/deploy.js","/Users/bakangmonei/.nvm/versions/node/v20.20.0/lib/node_modules/firebase-tools/lib/commands/index.js","/Users/bakangmonei/.nvm/versions/node/v20.20.0/lib/node_modules/firebase-tools/lib/index.js","/Users/bakangmonei/.nvm/versions/node/v20.20.0/lib/node_modules/firebase-tools/lib/bin/cli.js","/Users/bakangmonei/.nvm/versions/node/v20.20.0/lib/node_modules/firebase-tools/lib/bin/firebase.js"]}
[debug] [2026-05-20T12:38:22.348Z] checkFunctionsSDKVersion encountered error: Invalid Version:  {}
[debug] [2026-05-20T12:38:22.348Z] > [functions] package.json contents: {
  "name": "my-accommodation-functions",
  "private": true,
  "engines": {
    "node": "20"
  },
  "main": "index.js",
  "dependencies": {
    "firebase-admin": "^12.6.0",
    "firebase-functions": "^5.1.0"
  }
}
[debug] [2026-05-20T12:38:22.348Z] Building nodejs source
[info] i  functions: Loading and analyzing source code for codebase default to determine what to deploy 
[debug] [2026-05-20T12:38:22.348Z] Could not parse firebase-functions version '' into semver.
[debug] [2026-05-20T12:38:22.349Z] Could not find functions.yaml. Must use http discovery
[debug] [2026-05-20T12:38:22.918Z] Error: Cannot find module 'firebase-functions'
Require stack:
- /Users/bakangmonei/.nvm/versions/node/v20.20.0/lib/node_modules/firebase-tools/lib/deploy/functions/runtimes/node/index.js
- /Users/bakangmonei/.nvm/versions/node/v20.20.0/lib/node_modules/firebase-tools/lib/deploy/functions/runtimes/index.js
- /Users/bakangmonei/.nvm/versions/node/v20.20.0/lib/node_modules/firebase-tools/lib/deploy/functions/prepare.js
- /Users/bakangmonei/.nvm/versions/node/v20.20.0/lib/node_modules/firebase-tools/lib/emulator/functionsEmulatorShared.js
- /Users/bakangmonei/.nvm/versions/node/v20.20.0/lib/node_modules/firebase-tools/lib/frameworks/index.js
- /Users/bakangmonei/.nvm/versions/node/v20.20.0/lib/node_modules/firebase-tools/lib/deploy/hosting/prepare.js
- /Users/bakangmonei/.nvm/versions/node/v20.20.0/lib/node_modules/firebase-tools/lib/deploy/hosting/index.js
- /Users/bakangmonei/.nvm/versions/node/v20.20.0/lib/node_modules/firebase-tools/lib/deploy/index.js
- /Users/bakangmonei/.nvm/versions/node/v20.20.0/lib/node_modules/firebase-tools/lib/commands/deploy.js
- /Users/bakangmonei/.nvm/versions/node/v20.20.0/lib/node_modules/firebase-tools/lib/commands/index.js
- /Users/bakangmonei/.nvm/versions/node/v20.20.0/lib/node_modules/firebase-tools/lib/index.js
- /Users/bakangmonei/.nvm/versions/node/v20.20.0/lib/node_modules/firebase-tools/lib/bin/cli.js
- /Users/bakangmonei/.nvm/versions/node/v20.20.0/lib/node_modules/firebase-tools/lib/bin/firebase.js
    at Module._resolveFilename (node:internal/modules/cjs/loader:1207:15)
    at Function.resolve (node:internal/modules/helpers:193:19)
    at Delegate.findFunctionsBinary (/Users/bakangmonei/.nvm/versions/node/v20.20.0/lib/node_modules/firebase-tools/lib/deploy/functions/runtimes/node/index.js:101:33)
    at Delegate.spawnFunctionsProcess (/Users/bakangmonei/.nvm/versions/node/v20.20.0/lib/node_modules/firebase-tools/lib/deploy/functions/runtimes/node/index.js:131:30)
    at Delegate.serveAdmin (/Users/bakangmonei/.nvm/versions/node/v20.20.0/lib/node_modules/firebase-tools/lib/deploy/functions/runtimes/node/index.js:152:35)
    at Delegate.discoverBuild (/Users/bakangmonei/.nvm/versions/node/v20.20.0/lib/node_modules/firebase-tools/lib/deploy/functions/runtimes/node/index.js:192:41)
    at process.processTicksAndRejections (node:internal/process/task_queues:95:5)
    at async loadCodebases (/Users/bakangmonei/.nvm/versions/node/v20.20.0/lib/node_modules/firebase-tools/lib/deploy/functions/prepare.js:491:33)
    at async prepare (/Users/bakangmonei/.nvm/versions/node/v20.20.0/lib/node_modules/firebase-tools/lib/deploy/functions/prepare.js:80:24)
    at async chain (/Users/bakangmonei/.nvm/versions/node/v20.20.0/lib/node_modules/firebase-tools/lib/deploy/index.js:45:9)
[error] 
[error] Error: An unexpected error has occurred.
